0 info it worked if it ends with ok
1 verbose cli [ 'node', '/usr/local/bin/npm', 'start' ]
2 info using npm@3.9.6
3 info using node@v0.10.22
4 verbose run-script [ 'prestart', 'start', 'poststart' ]
5 info lifecycle node-producer@0.0.0~prestart: node-producer@0.0.0
6 silly lifecycle node-producer@0.0.0~prestart: no script for prestart, continuing
7 info lifecycle node-producer@0.0.0~start: node-producer@0.0.0
8 verbose lifecycle node-producer@0.0.0~start: unsafe-perm in lifecycle true
9 verbose lifecycle node-producer@0.0.0~start: PATH: /usr/local/lib/node_modules/npm/bin/node-gyp-bin:/Users/ederign/projects/vert.x-samples/javaone-js/node_modules/.bin:/usr/local/bin:/Users/ederign/.rvm/gems/ruby-1.9.3-p484/bin:/Users/ederign/.rvm/gems/ruby-1.9.3-p484@global/bin:/Users/ederign/.rvm/rubies/ruby-1.9.3-p484/bin:/Users/ederign/.rvm/bin:/Applications/calibre.app/Contents/MacOS:/usr/local/bin:/usr/local/share/npm/bin:/usr/bin:/bin:/usr/sbin:/sbin:/Users/ederign/bin:/Users/ederign/bin/ederign.sh:/Users/ederign/projects/kindergarten/vert.x/vert.x-2.1.5/bin
10 verbose lifecycle node-producer@0.0.0~start: CWD: /Users/ederign/projects/vert.x-samples/javaone-js
11 silly lifecycle node-producer@0.0.0~start: Args: [ '-c', 'node node-producer.js' ]
12 silly lifecycle node-producer@0.0.0~start: Returned: code: 8  signal: null
13 info lifecycle node-producer@0.0.0~start: Failed to exec start script
14 verbose stack Error: node-producer@0.0.0 start: `node node-producer.js`
14 verbose stack Exit status 8
14 verbose stack     at EventEmitter.<anonymous> (/usr/local/lib/node_modules/npm/lib/utils/lifecycle.js:245:16)
14 verbose stack     at EventEmitter.emit (events.js:98:17)
14 verbose stack     at ChildProcess.<anonymous> (/usr/local/lib/node_modules/npm/lib/utils/spawn.js:24:14)
14 verbose stack     at ChildProcess.EventEmitter.emit (events.js:98:17)
14 verbose stack     at maybeClose (child_process.js:735:16)
14 verbose stack     at Process.ChildProcess._handle.onexit (child_process.js:802:5)
15 verbose pkgid node-producer@0.0.0
16 verbose cwd /Users/ederign/projects/vert.x-samples/javaone-js
17 error Darwin 15.6.0
18 error argv "node" "/usr/local/bin/npm" "start"
19 error node v0.10.22
20 error npm  v3.9.6
21 error code ELIFECYCLE
22 error node-producer@0.0.0 start: `node node-producer.js`
22 error Exit status 8
23 error Failed at the node-producer@0.0.0 start script 'node node-producer.js'.
23 error Make sure you have the latest version of node.js and npm installed.
23 error If you do, this is most likely a problem with the node-producer package,
23 error not with npm itself.
23 error Tell the author that this fails on your system:
23 error     node node-producer.js
23 error You can get information on how to open an issue for this project with:
23 error     npm bugs node-producer
23 error Or if that isn't available, you can get their info via:
23 error     npm owner ls node-producer
23 error There is likely additional logging output above.
24 verbose exit [ 1, true ]
